<?xml version="1.0" encoding="UTF-8"?>
<!-- Generated by org.testng.reporters.JUnitReportReporter -->
<testsuite hostname="DESKTOP-1Q7KUDM" name="Selenium.RowColumn" tests="1" failures="0" timestamp="9 Apr 2018 14:18:14 GMT" time="13.508" errors="0">
  <testcase name="countrowcolumn" time="13.508" classname="Selenium.RowColumn"/>
</testsuite> <!-- Selenium.RowColumn -->
