<?xml version="1.0" encoding="UTF-8"?>
<!-- Generated by org.testng.reporters.JUnitReportReporter -->
<testsuite hostname="DESKTOP-1Q7KUDM" name="Selenium.Window" tests="1" failures="0" timestamp="11 Mar 2018 06:14:21 GMT" time="17.155" errors="0">
  <testcase name="irctc" time="17.155" classname="Selenium.Window"/>
</testsuite> <!-- Selenium.Window -->
