<?xml version="1.0" encoding="UTF-8"?>
<!-- Generated by org.testng.reporters.JUnitReportReporter -->
<testsuite hostname="DESKTOP-1Q7KUDM" name="Selenium.celender" tests="1" failures="0" timestamp="11 Mar 2018 08:55:56 GMT" time="17.967" errors="0">
  <testcase name="calender" time="17.967" classname="Selenium.celender"/>
</testsuite> <!-- Selenium.celender -->
