<?xml version="1.0" encoding="UTF-8"?>
<!-- Generated by org.testng.reporters.JUnitReportReporter -->
<testsuite hostname="DESKTOP-1Q7KUDM" name="Selenium.JAVasce" tests="1" failures="0" timestamp="11 Apr 2018 11:10:09 GMT" time="31.079" errors="0">
  <testcase name="scroll" time="31.079" classname="Selenium.JAVasce"/>
</testsuite> <!-- Selenium.JAVasce -->
