<?xml version="1.0" encoding="UTF-8"?>
<!-- Generated by org.testng.reporters.JUnitReportReporter -->
<testsuite hostname="DESKTOP-1Q7KUDM" name="Selenium.Fileupload" tests="1" failures="0" timestamp="14 Mar 2018 04:47:09 GMT" time="18.572" errors="0">
  <testcase name="upload" time="18.572" classname="Selenium.Fileupload"/>
</testsuite> <!-- Selenium.Fileupload -->
