<?xml version="1.0" encoding="UTF-8"?>
<!-- Generated by org.testng.reporters.JUnitReportReporter -->
<testsuite hostname="DESKTOP-1Q7KUDM" name="Interview.CHROME" tests="1" failures="0" timestamp="1 May 2018 14:18:58 GMT" time="30.910" errors="0">
  <testcase name="Chrome" time="30.910" classname="Interview.CHROME"/>
</testsuite> <!-- Interview.CHROME -->
