<?xml version="1.0" encoding="UTF-8"?>
<!-- Generated by org.testng.reporters.JUnitReportReporter -->
<testsuite hostname="DESKTOP-1Q7KUDM" name="Interview.Geth" tests="1" failures="0" timestamp="18 Mar 2018 13:55:03 GMT" time="14.129" errors="0">
  <testcase name="run" time="14.129" classname="Interview.Geth"/>
</testsuite> <!-- Interview.Geth -->
