<?xml version="1.0" encoding="UTF-8"?>
<!-- Generated by org.testng.reporters.JUnitReportReporter -->
<testsuite hostname="DESKTOP-1Q7KUDM" name="Jenkinsq.My_first" tests="1" failures="0" timestamp="14 Feb 2018 14:57:29 GMT" time="0.014" errors="0">
  <testcase name="frist" time="0.014" classname="Jenkinsq.My_first"/>
</testsuite> <!-- Jenkinsq.My_first -->
